# JRE version: Java(TM) SE Runtime Environment (8.0_112-b15) (build 1.8.0_112-b15)
# Java VM: Java HotSpot(TM) 64-Bit Server VM (25.112-b15 mixed mode windows-amd64 compressed oops)
Heap:
 PSYoungGen      total 140800K, used 118944K [0x00000000d5e00000, 0x00000000dfa00000, 0x0000000100000000)
  eden space 130048K, 91% used [0x00000000d5e00000,0x00000000dd228168,0x00000000ddd00000)
  from space 10752K, 0% used [0x00000000def80000,0x00000000def80000,0x00000000dfa00000)
  to   space 9728K, 0% used [0x00000000ddd00000,0x00000000ddd00000,0x00000000de680000)
 ParOldGen       total 62976K, used 22868K [0x0000000081a00000, 0x0000000085780000, 0x00000000d5e00000)
  object space 62976K, 36% used [0x0000000081a00000,0x0000000083055350,0x0000000085780000)
 Metaspace       used 41752K, capacity 42256K, committed 42752K, reserved 1087488K
  class space    used 4978K, capacity 5094K, committed 5120K, reserved 1048576K
GC Heap History (10 events):
Event: 16.728 GC heap before
{Heap before GC invocations=8 (full 1):
 PSYoungGen      total 76800K, used 6202K [0x00000000d5e00000, 0x00000000df300000, 0x0000000100000000)
  eden space 66560K, 0% used [0x00000000d5e00000,0x00000000d5e00000,0x00000000d9f00000)
  from space 10240K, 60% used [0x00000000d9f00000,0x00000000da50ea68,0x00000000da900000)
  to   space 9728K, 0% used [0x00000000de980000,0x00000000de980000,0x00000000df300000)
 ParOldGen       total 87552K, used 13443K [0x0000000081a00000, 0x0000000086f80000, 0x00000000d5e00000)
  object space 87552K, 15% used [0x0000000081a00000,0x0000000082720d48,0x0000000086f80000)
 Metaspace       used 20812K, capacity 21072K, committed 21296K, reserved 1069056K
  class space    used 2549K, capacity 2623K, committed 2688K, reserved 1048576K
Event: 16.964 GC heap after
Heap after GC invocations=8 (full 1):
 PSYoungGen      total 76800K, used 0K [0x00000000d5e00000, 0x00000000df300000, 0x0000000100000000)
  eden space 66560K, 0% used [0x00000000d5e00000,0x00000000d5e00000,0x00000000d9f00000)
  from space 10240K, 0% used [0x00000000d9f00000,0x00000000d9f00000,0x00000000da900000)
  to   space 9728K, 0% used [0x00000000de980000,0x00000000de980000,0x00000000df300000)
 ParOldGen       total 62976K, used 11357K [0x0000000081a00000, 0x0000000085780000, 0x00000000d5e00000)
  object space 62976K, 18% used [0x0000000081a00000,0x00000000825176c0,0x0000000085780000)
 Metaspace       used 20812K, capacity 21072K, committed 21296K, reserved 1069056K
  class space    used 2549K, capacity 2623K, committed 2688K, reserved 1048576K
}
Event: 22.323 GC heap before
{Heap before GC invocations=9 (full 1):
 PSYoungGen      total 76800K, used 66560K [0x00000000d5e00000, 0x00000000df300000, 0x0000000100000000)
  eden space 66560K, 100% used [0x00000000d5e00000,0x00000000d9f00000,0x00000000d9f00000)
  from space 10240K, 0% used [0x00000000d9f00000,0x00000000d9f00000,0x00000000da900000)
  to   space 9728K, 0% used [0x00000000de980000,0x00000000de980000,0x00000000df300000)
 ParOldGen       total 62976K, used 11357K [0x0000000081a00000, 0x0000000085780000, 0x00000000d5e00000)
  object space 62976K, 18% used [0x0000000081a00000,0x00000000825176c0,0x0000000085780000)
 Metaspace       used 26105K, capacity 26380K, committed 26624K, reserved 1073152K
  class space    used 3194K, capacity 3273K, committed 3328K, reserved 1048576K
Event: 22.358 GC heap after
Heap after GC invocations=9 (full 1):
 PSYoungGen      total 110592K, used 6321K [0x00000000d5e00000, 0x00000000df000000, 0x0000000100000000)
  eden space 103936K, 0% used [0x00000000d5e00000,0x00000000d5e00000,0x00000000dc380000)
  from space 6656K, 94% used [0x00000000de980000,0x00000000defac4d0,0x00000000df000000)
  to   space 9728K, 0% used [0x00000000ddd00000,0x00000000ddd00000,0x00000000de680000)
 ParOldGen       total 62976K, used 11365K [0x0000000081a00000, 0x0000000085780000, 0x00000000d5e00000)
  object space 62976K, 18% used [0x0000000081a00000,0x00000000825196c0,0x0000000085780000)
 Metaspace       used 26105K, capacity 26380K, committed 26624K, reserved 1073152K
  class space    used 3194K, capacity 3273K, committed 3328K, reserved 1048576K
}
Event: 28.006 GC heap before
{Heap before GC invocations=10 (full 1):
 PSYoungGen      total 110592K, used 110257K [0x00000000d5e00000, 0x00000000df000000, 0x0000000100000000)
  eden space 103936K, 100% used [0x00000000d5e00000,0x00000000dc380000,0x00000000dc380000)
  from space 6656K, 94% used [0x00000000de980000,0x00000000defac4d0,0x00000000df000000)
  to   space 9728K, 0% used [0x00000000ddd00000,0x00000000ddd00000,0x00000000de680000)
 ParOldGen       total 62976K, used 11365K [0x0000000081a00000, 0x0000000085780000, 0x00000000d5e00000)
  object space 62976K, 18% used [0x0000000081a00000,0x00000000825196c0,0x0000000085780000)
 Metaspace       used 29651K, capacity 29904K, committed 30336K, reserved 1075200K
  class space    used 3569K, capacity 3631K, committed 3712K, reserved 1048576K
Event: 28.085 GC heap after
Heap after GC invocations=10 (full 1):
 PSYoungGen      total 139776K, used 9719K [0x00000000d5e00000, 0x00000000dfa00000, 0x0000000100000000)
  eden space 130048K, 0% used [0x00000000d5e00000,0x00000000d5e00000,0x00000000ddd00000)
  from space 9728K, 99% used [0x00000000ddd00000,0x00000000de67de10,0x00000000de680000)
  to   space 10752K, 0% used [0x00000000def80000,0x00000000def80000,0x00000000dfa00000)
 ParOldGen       total 62976K, used 11672K [0x0000000081a00000, 0x0000000085780000, 0x00000000d5e00000)
  object space 62976K, 18% used [0x0000000081a00000,0x0000000082566248,0x0000000085780000)
 Metaspace       used 29651K, capacity 29904K, committed 30336K, reserved 1075200K
  class space    used 3569K, capacity 3631K, committed 3712K, reserved 1048576K
}
Event: 30.917 GC heap before
{Heap before GC invocations=11 (full 1):
 PSYoungGen      total 139776K, used 58685K [0x00000000d5e00000, 0x00000000dfa00000, 0x0000000100000000)
  eden space 130048K, 37% used [0x00000000d5e00000,0x00000000d8dd19a8,0x00000000ddd00000)
  from space 9728K, 99% used [0x00000000ddd00000,0x00000000de67de10,0x00000000de680000)
  to   space 10752K, 0% used [0x00000000def80000,0x00000000def80000,0x00000000dfa00000)
 ParOldGen       total 62976K, used 11672K [0x0000000081a00000, 0x0000000085780000, 0x00000000d5e00000)
  object space 62976K, 18% used [0x0000000081a00000,0x0000000082566248,0x0000000085780000)
 Metaspace       used 34957K, capacity 35228K, committed 35456K, reserved 1081344K
  class space    used 4156K, capacity 4209K, committed 4224K, reserved 1048576K
Event: 30.975 GC heap after
Heap after GC invocations=11 (full 1):
 PSYoungGen      total 140800K, used 10721K [0x00000000d5e00000, 0x00000000dfa00000, 0x0000000100000000)
  eden space 130048K, 0% used [0x00000000d5e00000,0x00000000d5e00000,0x00000000ddd00000)
  from space 10752K, 99% used [0x00000000def80000,0x00000000df9f87b8,0x00000000dfa00000)
  to   space 9728K, 0% used [0x00000000ddd00000,0x00000000ddd00000,0x00000000de680000)
 ParOldGen       total 62976K, used 15180K [0x0000000081a00000, 0x0000000085780000, 0x00000000d5e00000)
  object space 62976K, 24% used [0x0000000081a00000,0x00000000828d3048,0x0000000085780000)
 Metaspace       used 34957K, capacity 35228K, committed 35456K, reserved 1081344K
  class space    used 4156K, capacity 4209K, committed 4224K, reserved 1048576K
}
Event: 30.975 GC heap before
{Heap before GC invocations=12 (full 2):
 PSYoungGen      total 140800K, used 10721K [0x00000000d5e00000, 0x00000000dfa00000, 0x0000000100000000)
  eden space 130048K, 0% used [0x00000000d5e00000,0x00000000d5e00000,0x00000000ddd00000)
  from space 10752K, 99% used [0x00000000def80000,0x00000000df9f87b8,0x00000000dfa00000)
  to   space 9728K, 0% used [0x00000000ddd00000,0x00000000ddd00000,0x00000000de680000)
 ParOldGen       total 62976K, used 15180K [0x0000000081a00000, 0x0000000085780000, 0x00000000d5e00000)
  object space 62976K, 24% used [0x0000000081a00000,0x00000000828d3048,0x0000000085780000)
 Metaspace       used 34957K, capacity 35228K, committed 35456K, reserved 1081344K
  class space    used 4156K, capacity 4209K, committed 4224K, reserved 1048576K
Event: 31.365 GC heap after
Heap after GC invocations=12 (full 2):
 PSYoungGen      total 140800K, used 0K [0x00000000d5e00000, 0x00000000dfa00000, 0x0000000100000000)
  eden space 130048K, 0% used [0x00000000d5e00000,0x00000000d5e00000,0x00000000ddd00000)
  from space 10752K, 0% used [0x00000000def80000,0x00000000def80000,0x00000000dfa00000)
  to   space 9728K, 0% used [0x00000000ddd00000,0x00000000ddd00000,0x00000000de680000)
 ParOldGen       total 62976K, used 22868K [0x0000000081a00000, 0x0000000085780000, 0x00000000d5e00000)
  object space 62976K, 36% used [0x0000000081a00000,0x0000000083055350,0x0000000085780000)
 Metaspace       used 34957K, capacity 35228K, committed 35456K, reserved 1081344K
  class space    used 4156K, capacity 4209K, committed 4224K, reserved 1048576K
}

