# JRE version: Java(TM) SE Runtime Environment (8.0_112-b15) (build 1.8.0_112-b15)
# Java VM: Java HotSpot(TM) 64-Bit Server VM (25.112-b15 mixed mode windows-amd64 compressed oops)
Heap:
 PSYoungGen      total 208384K, used 40889K [0x00000000d5e00000, 0x00000000e6080000, 0x0000000100000000)
  eden space 194048K, 13% used [0x00000000d5e00000,0x00000000d77f7968,0x00000000e1b80000)
  from space 14336K, 99% used [0x00000000e1b80000,0x00000000e2976bd8,0x00000000e2980000)
  to   space 15872K, 0% used [0x00000000e5100000,0x00000000e5100000,0x00000000e6080000)
 ParOldGen       total 108032K, used 23373K [0x0000000081a00000, 0x0000000088380000, 0x00000000d5e00000)
  object space 108032K, 21% used [0x0000000081a00000,0x00000000830d36b0,0x0000000088380000)
 Metaspace       used 45308K, capacity 45832K, committed 46336K, reserved 1089536K
  class space    used 5383K, capacity 5525K, committed 5632K, reserved 1048576K
GC Heap History (10 events):
Event: 18.233 GC heap before
{Heap before GC invocations=7 (full 1):
 PSYoungGen      total 143360K, used 8071K [0x00000000d5e00000, 0x00000000df400000, 0x0000000100000000)
  eden space 133120K, 0% used [0x00000000d5e00000,0x00000000d5e00000,0x00000000de000000)
  from space 10240K, 78% used [0x00000000dea00000,0x00000000df1e1e28,0x00000000df400000)
  to   space 10240K, 0% used [0x00000000de000000,0x00000000de000000,0x00000000dea00000)
 ParOldGen       total 87552K, used 12140K [0x0000000081a00000, 0x0000000086f80000, 0x00000000d5e00000)
  object space 87552K, 13% used [0x0000000081a00000,0x00000000825db0d8,0x0000000086f80000)
 Metaspace       used 20802K, capacity 21040K, committed 21296K, reserved 1069056K
  class space    used 2538K, capacity 2591K, committed 2688K, reserved 1048576K
Event: 18.512 GC heap after
Heap after GC invocations=7 (full 1):
 PSYoungGen      total 143360K, used 0K [0x00000000d5e00000, 0x00000000df400000, 0x0000000100000000)
  eden space 133120K, 0% used [0x00000000d5e00000,0x00000000d5e00000,0x00000000de000000)
  from space 10240K, 0% used [0x00000000dea00000,0x00000000dea00000,0x00000000df400000)
  to   space 10240K, 0% used [0x00000000de000000,0x00000000de000000,0x00000000dea00000)
 ParOldGen       total 65536K, used 11268K [0x0000000081a00000, 0x0000000085a00000, 0x00000000d5e00000)
  object space 65536K, 17% used [0x0000000081a00000,0x0000000082501008,0x0000000085a00000)
 Metaspace       used 20802K, capacity 21040K, committed 21296K, reserved 1069056K
  class space    used 2538K, capacity 2591K, committed 2688K, reserved 1048576K
}
Event: 28.791 GC heap before
{Heap before GC invocations=8 (full 1):
 PSYoungGen      total 143360K, used 133120K [0x00000000d5e00000, 0x00000000df400000, 0x0000000100000000)
  eden space 133120K, 100% used [0x00000000d5e00000,0x00000000de000000,0x00000000de000000)
  from space 10240K, 0% used [0x00000000dea00000,0x00000000dea00000,0x00000000df400000)
  to   space 10240K, 0% used [0x00000000de000000,0x00000000de000000,0x00000000dea00000)
 ParOldGen       total 65536K, used 11268K [0x0000000081a00000, 0x0000000085a00000, 0x00000000d5e00000)
  object space 65536K, 17% used [0x0000000081a00000,0x0000000082501008,0x0000000085a00000)
 Metaspace       used 28786K, capacity 29098K, committed 29440K, reserved 1075200K
  class space    used 3466K, capacity 3534K, committed 3584K, reserved 1048576K
Event: 28.845 GC heap after
Heap after GC invocations=8 (full 1):
 PSYoungGen      total 143360K, used 10225K [0x00000000d5e00000, 0x00000000e3500000, 0x0000000100000000)
  eden space 133120K, 0% used [0x00000000d5e00000,0x00000000d5e00000,0x00000000de000000)
  from space 10240K, 99% used [0x00000000de000000,0x00000000de9fc6c8,0x00000000dea00000)
  to   space 11776K, 0% used [0x00000000e2980000,0x00000000e2980000,0x00000000e3500000)
 ParOldGen       total 65536K, used 12406K [0x0000000081a00000, 0x0000000085a00000, 0x00000000d5e00000)
  object space 65536K, 18% used [0x0000000081a00000,0x000000008261d8f0,0x0000000085a00000)
 Metaspace       used 28786K, capacity 29098K, committed 29440K, reserved 1075200K
  class space    used 3466K, capacity 3534K, committed 3584K, reserved 1048576K
}
Event: 33.929 GC heap before
{Heap before GC invocations=9 (full 1):
 PSYoungGen      total 143360K, used 95968K [0x00000000d5e00000, 0x00000000e3500000, 0x0000000100000000)
  eden space 133120K, 64% used [0x00000000d5e00000,0x00000000db1bbab0,0x00000000de000000)
  from space 10240K, 99% used [0x00000000de000000,0x00000000de9fc6c8,0x00000000dea00000)
  to   space 11776K, 0% used [0x00000000e2980000,0x00000000e2980000,0x00000000e3500000)
 ParOldGen       total 65536K, used 12406K [0x0000000081a00000, 0x0000000085a00000, 0x00000000d5e00000)
  object space 65536K, 18% used [0x0000000081a00000,0x000000008261d8f0,0x0000000085a00000)
 Metaspace       used 34959K, capacity 35228K, committed 35456K, reserved 1081344K
  class space    used 4153K, capacity 4209K, committed 4224K, reserved 1048576K
Event: 33.991 GC heap after
Heap after GC invocations=9 (full 1):
 PSYoungGen      total 205824K, used 11760K [0x00000000d5e00000, 0x00000000e3900000, 0x0000000100000000)
  eden space 194048K, 0% used [0x00000000d5e00000,0x00000000d5e00000,0x00000000e1b80000)
  from space 11776K, 99% used [0x00000000e2980000,0x00000000e34fc248,0x00000000e3500000)
  to   space 14336K, 0% used [0x00000000e1b80000,0x00000000e1b80000,0x00000000e2980000)
 ParOldGen       total 65536K, used 15386K [0x0000000081a00000, 0x0000000085a00000, 0x00000000d5e00000)
  object space 65536K, 23% used [0x0000000081a00000,0x00000000829069d8,0x0000000085a00000)
 Metaspace       used 34959K, capacity 35228K, committed 35456K, reserved 1081344K
  class space    used 4153K, capacity 4209K, committed 4224K, reserved 1048576K
}
Event: 33.991 GC heap before
{Heap before GC invocations=10 (full 2):
 PSYoungGen      total 205824K, used 11760K [0x00000000d5e00000, 0x00000000e3900000, 0x0000000100000000)
  eden space 194048K, 0% used [0x00000000d5e00000,0x00000000d5e00000,0x00000000e1b80000)
  from space 11776K, 99% used [0x00000000e2980000,0x00000000e34fc248,0x00000000e3500000)
  to   space 14336K, 0% used [0x00000000e1b80000,0x00000000e1b80000,0x00000000e2980000)
 ParOldGen       total 65536K, used 15386K [0x0000000081a00000, 0x0000000085a00000, 0x00000000d5e00000)
  object space 65536K, 23% used [0x0000000081a00000,0x00000000829069d8,0x0000000085a00000)
 Metaspace       used 34959K, capacity 35228K, committed 35456K, reserved 1081344K
  class space    used 4153K, capacity 4209K, committed 4224K, reserved 1048576K
Event: 34.411 GC heap after
Heap after GC invocations=10 (full 2):
 PSYoungGen      total 205824K, used 0K [0x00000000d5e00000, 0x00000000e3900000, 0x0000000100000000)
  eden space 194048K, 0% used [0x00000000d5e00000,0x00000000d5e00000,0x00000000e1b80000)
  from space 11776K, 0% used [0x00000000e2980000,0x00000000e2980000,0x00000000e3500000)
  to   space 14336K, 0% used [0x00000000e1b80000,0x00000000e1b80000,0x00000000e2980000)
 ParOldGen       total 108032K, used 23365K [0x0000000081a00000, 0x0000000088380000, 0x00000000d5e00000)
  object space 108032K, 21% used [0x0000000081a00000,0x00000000830d16b0,0x0000000088380000)
 Metaspace       used 34959K, capacity 35228K, committed 35456K, reserved 1081344K
  class space    used 4153K, capacity 4209K, committed 4224K, reserved 1048576K
}
Event: 73.874 GC heap before
{Heap before GC invocations=11 (full 2):
 PSYoungGen      total 205824K, used 194048K [0x00000000d5e00000, 0x00000000e3900000, 0x0000000100000000)
  eden space 194048K, 100% used [0x00000000d5e00000,0x00000000e1b80000,0x00000000e1b80000)
  from space 11776K, 0% used [0x00000000e2980000,0x00000000e2980000,0x00000000e3500000)
  to   space 14336K, 0% used [0x00000000e1b80000,0x00000000e1b80000,0x00000000e2980000)
 ParOldGen       total 108032K, used 23365K [0x0000000081a00000, 0x0000000088380000, 0x00000000d5e00000)
  object space 108032K, 21% used [0x0000000081a00000,0x00000000830d16b0,0x0000000088380000)
 Metaspace       used 43271K, capacity 43732K, committed 44288K, reserved 1087488K
  class space    used 5179K, capacity 5288K, committed 5376K, reserved 1048576K
Event: 73.922 GC heap after
Heap after GC invocations=11 (full 2):
 PSYoungGen      total 208384K, used 14298K [0x00000000d5e00000, 0x00000000e6080000, 0x0000000100000000)
  eden space 194048K, 0% used [0x00000000d5e00000,0x00000000d5e00000,0x00000000e1b80000)
  from space 14336K, 99% used [0x00000000e1b80000,0x00000000e2976bd8,0x00000000e2980000)
  to   space 15872K, 0% used [0x00000000e5100000,0x00000000e5100000,0x00000000e6080000)
 ParOldGen       total 108032K, used 23373K [0x0000000081a00000, 0x0000000088380000, 0x00000000d5e00000)
  object space 108032K, 21% used [0x0000000081a00000,0x00000000830d36b0,0x0000000088380000)
 Metaspace       used 43271K, capacity 43732K, committed 44288K, reserved 1087488K
  class space    used 5179K, capacity 5288K, committed 5376K, reserved 1048576K
}

